  kaillera_ui.cpp
C:\Users\norah\source\repos\project64-mpn-2.0\Source\Project64-netplay\kaillera_ui.cpp(404,3): warning C4996: 'strcpy': This function or variable may be unsafe. Consider using strcpy_s instead. To disable deprecation, use _CRT_SECURE_NO_WARNINGS. See online help for details.
C:\Users\norah\source\repos\project64-mpn-2.0\Source\Project64-netplay\kaillera_ui.cpp(476,5): warning C4996: 'strcpy': This function or variable may be unsafe. Consider using strcpy_s instead. To disable deprecation, use _CRT_SECURE_NO_WARNINGS. See online help for details.
C:\Users\norah\source\repos\project64-mpn-2.0\Source\Project64-netplay\kaillera_ui.cpp(512,4): warning C4996: 'strcpy': This function or variable may be unsafe. Consider using strcpy_s instead. To disable deprecation, use _CRT_SECURE_NO_WARNINGS. See online help for details.
C:\Users\norah\source\repos\project64-mpn-2.0\Source\Project64-netplay\kaillera_ui.cpp(733,2): warning C4996: 'strcpy': This function or variable may be unsafe. Consider using strcpy_s instead. To disable deprecation, use _CRT_SECURE_NO_WARNINGS. See online help for details.
C:\Users\norah\source\repos\project64-mpn-2.0\Source\Project64-netplay\kaillera_ui.cpp(738,14): warning C4244: 'initializing': conversion from 'LRESULT' to 'char', possible loss of data
C:\Users\norah\source\repos\project64-mpn-2.0\Source\Project64-netplay\kaillera_ui.cpp(742,3): warning C4996: 'strcpy': This function or variable may be unsafe. Consider using strcpy_s instead. To disable deprecation, use _CRT_SECURE_NO_WARNINGS. See online help for details.
C:\Users\norah\source\repos\project64-mpn-2.0\Source\Project64-netplay\kaillera_ui.cpp(825,2): warning C4996: 'strncpy': This function or variable may be unsafe. Consider using strncpy_s instead. To disable deprecation, use _CRT_SECURE_NO_WARNINGS. See online help for details.
C:\Users\norah\source\repos\project64-mpn-2.0\Source\Project64-netplay\kaillera_ui.cpp(826,2): warning C4996: 'strncpy': This function or variable may be unsafe. Consider using strncpy_s instead. To disable deprecation, use _CRT_SECURE_NO_WARNINGS. See online help for details.
C:\Users\norah\source\repos\project64-mpn-2.0\Source\Project64-netplay\kaillera_ui.cpp(1036,5): warning C4996: 'strncpy': This function or variable may be unsafe. Consider using strncpy_s instead. To disable deprecation, use _CRT_SECURE_NO_WARNINGS. See online help for details.
C:\Users\norah\source\repos\project64-mpn-2.0\Source\Project64-netplay\kaillera_ui.cpp(1045,5): warning C4996: 'strncpy': This function or variable may be unsafe. Consider using strncpy_s instead. To disable deprecation, use _CRT_SECURE_NO_WARNINGS. See online help for details.
  kaillera_ui_mslist.cpp
C:\Users\norah\source\repos\project64-mpn-2.0\Source\Project64-netplay\kaillera_ui_mslist.cpp(80,2): warning C4996: 'strcpy': This function or variable may be unsafe. Consider using strcpy_s instead. To disable deprecation, use _CRT_SECURE_NO_WARNINGS. See online help for details.
C:\Users\norah\source\repos\project64-mpn-2.0\Source\Project64-netplay\kaillera_ui_mslist.cpp(101,3): warning C4996: 'strcpy': This function or variable may be unsafe. Consider using strcpy_s instead. To disable deprecation, use _CRT_SECURE_NO_WARNINGS. See online help for details.
C:\Users\norah\source\repos\project64-mpn-2.0\Source\Project64-netplay\kaillera_ui_mslist.cpp(105,3): warning C4996: 'strcpy': This function or variable may be unsafe. Consider using strcpy_s instead. To disable deprecation, use _CRT_SECURE_NO_WARNINGS. See online help for details.
  kailleraclient.cpp
C:\Users\norah\source\repos\project64-mpn-2.0\Source\Project64-netplay\kailleraclient.cpp(31,13): warning C4996: 'localtime': This function or variable may be unsafe. Consider using localtime_s instead. To disable deprecation, use _CRT_SECURE_NO_WARNINGS. See online help for details.
C:\Users\norah\source\repos\project64-mpn-2.0\Source\Project64-netplay\kailleraclient.cpp(32,2): warning C4996: 'sprintf': This function or variable may be unsafe. Consider using sprintf_s instead. To disable deprecation, use _CRT_SECURE_NO_WARNINGS. See online help for details.
C:\Users\norah\source\repos\project64-mpn-2.0\Source\Project64-netplay\kailleraclient.cpp(208,3): warning C4996: 'strcpy': This function or variable may be unsafe. Consider using strcpy_s instead. To disable deprecation, use _CRT_SECURE_NO_WARNINGS. See online help for details.
C:\Users\norah\source\repos\project64-mpn-2.0\Source\Project64-netplay\kailleraclient.cpp(213,15): warning C4244: '=': conversion from 'time_t' to 'int', possible loss of data
C:\Users\norah\source\repos\project64-mpn-2.0\Source\Project64-netplay\kailleraclient.cpp(398,3): warning C4996: 'strncpy': This function or variable may be unsafe. Consider using strncpy_s instead. To disable deprecation, use _CRT_SECURE_NO_WARNINGS. See online help for details.
  kaillera_core.cpp
C:\Users\norah\source\repos\project64-mpn-2.0\Source\Project64-netplay\kcore\k_instruction.h(25,3): warning C4091: 'typedef ': ignored on left of 'INSTRUCTION' when no variable is declared
C:\Users\norah\source\repos\project64-mpn-2.0\Source\Project64-netplay\kcore\k_instruction.h(80,9): warning C4996: 'strcpy': This function or variable may be unsafe. Consider using strcpy_s instead. To disable deprecation, use _CRT_SECURE_NO_WARNINGS. See online help for details.
C:\Users\norah\source\repos\project64-mpn-2.0\Source\Project64-netplay\kcore\k_instruction.h(96,9): warning C4996: 'strncpy': This function or variable may be unsafe. Consider using strncpy_s instead. To disable deprecation, use _CRT_SECURE_NO_WARNINGS. See online help for details.
C:\Users\norah\source\repos\project64-mpn-2.0\Source\Project64-netplay\kcore\k_instruction.h(159,9): warning C4996: 'strcpy': This function or variable may be unsafe. Consider using strcpy_s instead. To disable deprecation, use _CRT_SECURE_NO_WARNINGS. See online help for details.
C:\Users\norah\source\repos\project64-mpn-2.0\Source\Project64-netplay\kcore\kaillera_core.cpp(113,2): warning C4996: 'strncpy': This function or variable may be unsafe. Consider using strncpy_s instead. To disable deprecation, use _CRT_SECURE_NO_WARNINGS. See online help for details.
C:\Users\norah\source\repos\project64-mpn-2.0\Source\Project64-netplay\kcore\kaillera_core.cpp(114,2): warning C4996: 'strncpy': This function or variable may be unsafe. Consider using strncpy_s instead. To disable deprecation, use _CRT_SECURE_NO_WARNINGS. See online help for details.
C:\Users\norah\source\repos\project64-mpn-2.0\Source\Project64-netplay\kcore\kaillera_core.cpp(135,2): warning C4996: 'strncpy': This function or variable may be unsafe. Consider using strncpy_s instead. To disable deprecation, use _CRT_SECURE_NO_WARNINGS. See online help for details.
C:\Users\norah\source\repos\project64-mpn-2.0\Source\Project64-netplay\kcore\kaillera_core.cpp(466,2): warning C4996: 'strcpy': This function or variable may be unsafe. Consider using strcpy_s instead. To disable deprecation, use _CRT_SECURE_NO_WARNINGS. See online help for details.
C:\Users\norah\source\repos\project64-mpn-2.0\Source\Project64-netplay\kcore\kaillera_core.cpp(719,48): warning C4018: '<': signed/unsigned mismatch
  Generating Code...
C:\Program Files\Microsoft Visual Studio\2022\Community\MSBuild\Microsoft\VC\v170\Microsoft.CppBuild.targets(1374,5): warning MSB8012: TargetPath(C:\Users\norah\Source\Repos\project64-mpn-2.0\bin\Release\Plugin\Netplay\Project64-netplay.dll) does not match the Linker's OutputFile property value (C:\Users\norah\Source\Repos\project64-mpn-2.0\bin\Release\Plugin\Netplay\n02.dll). This may cause your project to build incorrectly. To correct this, please make sure that $(OutDir), $(TargetName) and $(TargetExt) property values match the value specified in %(Link.OutputFile).
C:\Program Files\Microsoft Visual Studio\2022\Community\MSBuild\Microsoft\VC\v170\Microsoft.CppBuild.targets(1376,5): warning MSB8012: TargetName(Project64-netplay) does not match the Linker's OutputFile property value (n02). This may cause your project to build incorrectly. To correct this, please make sure that $(OutDir), $(TargetName) and $(TargetExt) property values match the value specified in %(Link.OutputFile).
     Creating library .\Release/kailleraclient.lib and object .\Release/kailleraclient.exp
  n02p.vcxproj -> C:\Users\norah\Source\Repos\project64-mpn-2.0\bin\Release\Plugin\Netplay\Project64-netplay.dll
